#
# A fatal error has been detected by the Java Runtime Environment:
#
#  Internal Error (classFileParser.cpp:3375), pid=4380, tid=6840
#  Error: ShouldNotReachHere()
#
# JRE version: 6.0_23-b05
# Java VM: Java HotSpot(TM) 64-Bit Server VM (19.0-b09 mixed mode windows-amd64 compressed oops)
# If you would like to submit a bug report, please visit:
#   http://java.sun.com/webapps/bugreport/crash.jsp
#

---------------  T H R E A D  ---------------

Current thread (0x00000000006fb800):  JavaThread "Unknown thread" [_thread_in_vm, id=6840, stack(0x0000000002230000,0x0000000002330000)]

Stack: [0x0000000002230000,0x0000000002330000]
[error occurred during error reporting (printing stack bounds), id 0xc0000005]


---------------  P R O C E S S  ---------------

Java Threads: ( => current thread )

Other Threads:

=>0x00000000006fb800 (exited) JavaThread "Unknown thread" [_thread_in_vm, id=6840, stack(0x0000000002230000,0x0000000002330000)]

VM state:not at safepoint (not fully initialized)

VM Mutex/Monitor currently owned by a thread: None

Dynamic libraries:
0x0000000000400000 - 0x000000000042e000 	C:\Program Files\Java\jre6\bin\javaw.exe
0x0000000076f00000 - 0x00000000770a9000 	C:\Windows\SYSTEM32\ntdll.dll
0x0000000076de0000 - 0x0000000076eff000 	C:\Windows\system32\kernel32.dll
0x000007fefd410000 - 0x000007fefd47c000 	C:\Windows\system32\KERNELBASE.dll
0x0000000064d00000 - 0x0000000064d3f000 	C:\Program Files\Alwil Software\Avast5\snxhk64.dll
0x000007fefd8d0000 - 0x000007fefd9ab000 	C:\Windows\system32\ADVAPI32.dll
0x000007fefd810000 - 0x000007fefd8af000 	C:\Windows\system32\msvcrt.dll
0x000007fefd8b0000 - 0x000007fefd8cf000 	C:\Windows\SYSTEM32\sechost.dll
0x000007fefeb40000 - 0x000007fefec6d000 	C:\Windows\system32\RPCRT4.dll
0x0000000076970000 - 0x0000000076a6a000 	C:\Windows\system32\USER32.dll
0x000007fefd7a0000 - 0x000007fefd807000 	C:\Windows\system32\GDI32.dll
0x000007fefd740000 - 0x000007fefd74e000 	C:\Windows\system32\LPK.dll
0x000007fefe890000 - 0x000007fefe959000 	C:\Windows\system32\USP10.dll
0x000007fefdad0000 - 0x000007fefdafe000 	C:\Windows\system32\IMM32.DLL
0x000007fefed70000 - 0x000007fefee79000 	C:\Windows\system32\MSCTF.dll
0x000000006d7f0000 - 0x000000006dee0000 	C:\Program Files\Java\jre6\bin\server\jvm.dll
0x000007fefb4a0000 - 0x000007fefb4db000 	C:\Windows\system32\WINMM.dll
0x000000006d760000 - 0x000000006d76e000 	C:\Program Files\Java\jre6\bin\verify.dll
0x000000006d3b0000 - 0x000000006d3d7000 	C:\Program Files\Java\jre6\bin\java.dll
0x000000006d310000 - 0x000000006d31a000 	C:\Program Files\Java\jre6\bin\hpi.dll
0x00000000770d0000 - 0x00000000770d7000 	C:\Windows\system32\PSAPI.DLL
0x000000006d7b0000 - 0x000000006d7c2000 	C:\Program Files\Java\jre6\bin\zip.dll

VM Arguments:
jvm_args: -Dfile.encoding=GBK -Xbootclasspath:C:\Program Files (x86)\Android\android-sdk-windows\platforms\android-8\android.jar 
java_command: edu.cmu.pandaa.desktop.FeatureExtractTest
Launcher Type: SUN_STANDARD

Environment Variables:
CLASSPATH=.;C:\Java\jdk1.6.0_23\lib;C:\Program Files (x86)\Java\jre6\lib\ext\QTJava.zip
PATH=C:/Java/jdk1.6.0_23/bin/../jre/bin/client;C:/Java/jdk1.6.0_23/bin/../jre/bin;C:/Java/jdk1.6.0_23/bin/../jre/lib/i386;C:\Program Files (x86)\PC Connectivity Solution\;C:\Program Files\Common Files\Microsoft Shared\Windows Live;C:\Program Files (x86)\Common Files\Microsoft Shared\Windows Live;C:\Java\jdk1.6.0_23\bin;C:\Program Files (x86)\MySQL\MySQL Server 5.1\bin;C:\Program Files (x86)\Windows Live\Shared;C:\Program Files (x86)\Samsung\Samsung PC Studio 3\;C:\Program Files (x86)\QuickTime\QTSystem\
USERNAME=XFL
OS=Windows_NT
PROCESSOR_IDENTIFIER=Intel64 Family 6 Model 37 Stepping 5, GenuineIntel



---------------  S Y S T E M  ---------------

OS: Windows 7 Build 7601 Service Pack 1

CPU:total 4 (2 cores per cpu, 2 threads per core) family 6 model 37 stepping 5, cmov, cx8, fxsr, mmx, sse, sse2, sse3, ssse3, sse4.1, sse4.2, popcnt, ht

Memory: 4k page, physical 4050608k(1705912k free), swap 8099368k(4185996k free)

vm_info: Java HotSpot(TM) 64-Bit Server VM (19.0-b09) for windows-amd64 JRE (1.6.0_23-b05), built on Nov 13 2010 02:43:42 by "java_re" with MS VC++ 8.0 (VS2005)

time: Thu Oct 20 19:28:42 2011
elapsed time: 0 seconds

